[debug] [2022-12-10T17:39:34.407Z] ----------------------------------------------------------------------
[debug] [2022-12-10T17:39:34.409Z] Command:       /home/maruf/.nvm/versions/node/v14.21.1/bin/node /usr/local/bin/firebase init
[debug] [2022-12-10T17:39:34.409Z] CLI Version:   11.16.1
[debug] [2022-12-10T17:39:34.409Z] Platform:      linux
[debug] [2022-12-10T17:39:34.409Z] Node Version:  v14.21.1
[debug] [2022-12-10T17:39:34.410Z] Time:          Sat Dec 10 2022 23:39:34 GMT+0600 (Bangladesh Standard Time)
[debug] [2022-12-10T17:39:34.410Z] ----------------------------------------------------------------------
[debug] 
[debug] [2022-12-10T17:39:34.413Z] > command requires scopes: ["email","openid","https://www.googleapis.com/auth/cloudplatformprojects.readonly","https://www.googleapis.com/auth/firebase","https://www.googleapis.com/auth/cloud-platform"]
[debug] [2022-12-10T17:39:34.414Z] > authorizing via signed-in user (lancerboy284@gmail.com)
[info] 
     ######## #### ########  ######## ########     ###     ######  ########
     ##        ##  ##     ## ##       ##     ##  ##   ##  ##       ##
     ######    ##  ########  ######   ########  #########  ######  ######
     ##        ##  ##    ##  ##       ##     ## ##     ##       ## ##
     ##       #### ##     ## ######## ########  ##     ##  ######  ########

You're about to initialize a Firebase project in this directory:

  /home/maruf/Projects/portofolio/my-portofolio

[info] 
=== Project Setup
[info] 
[info] First, let's associate this project directory with a Firebase project.
[info] You can create multiple project aliases by running firebase use --add, 
[info] but for now we'll just set up a default project.
[info] 
[debug] [2022-12-10T17:39:41.490Z] >>> [apiv2][query] GET https://firebase.googleapis.com/v1beta1/projects pageSize=100
[debug] [2022-12-10T17:39:42.801Z] <<< [apiv2][status] GET https://firebase.googleapis.com/v1beta1/projects 200
[debug] [2022-12-10T17:39:42.802Z] <<< [apiv2][body] GET https://firebase.googleapis.com/v1beta1/projects [omitted]
